Unity Editor version:    2020.3.22f1 (e1a7f79fd887)
Branch:                  2020.3/staging
Build type:              Release
Batch mode:              YES
macOS version:           Version 10.15.7 (Build 19H1419)
Darwin version:          19.6.0
Architecture:            x86_64
Running under Rosetta:   NO
Available memory:        32768 MB
Using pre-set license
Pro License: NO

COMMAND LINE ARGUMENTS:
/Applications/Unity/Hub/Editor/2020.3.22f1/Unity.app/Contents/MacOS/Unity
-adb2
-batchMode
-noUpm
-name
AssetImportWorker0
-projectPath
/Users/caidenkiani/Desktop/example-game/MarsHacks
-logFile
Logs/AssetImportWorker0.log
-srvPort
58075
Successfully changed project path to: /Users/caidenkiani/Desktop/example-game/MarsHacks
/Users/caidenkiani/Desktop/example-game/MarsHacks
Using Asset Import Pipeline V2.
Refreshing native plugins compatible for Editor in 44.77 ms, found 3 plugins.
Preloading 0 native plugins for Editor in 0.00 ms.
Initialize engine version: 2020.3.22f1 (e1a7f79fd887)
[Subsystems] Discovering subsystems at path /Applications/Unity/Hub/Editor/2020.3.22f1/Unity.app/Contents/Resources/UnitySubsystems
[Subsystems] Discovering subsystems at path /Users/caidenkiani/Desktop/example-game/MarsHacks/Assets
GfxDevice: creating device client; threaded=0
2021-11-06 18:23:43.003 Unity[28846:1515666] Color LCD preferred device: Intel(R) Iris(TM) Plus Graphics (low power)
2021-11-06 18:23:43.003 Unity[28846:1515666] Metal devices available: 1
2021-11-06 18:23:43.003 Unity[28846:1515666] 0: Intel(R) Iris(TM) Plus Graphics (low power)
2021-11-06 18:23:43.005 Unity[28846:1515666] Using device Intel(R) Iris(TM) Plus Graphics (low power)
Initializing Metal device caps: Intel(R) Iris(TM) Plus Graphics
Initialize mono
Mono path[0] = '/Applications/Unity/Hub/Editor/2020.3.22f1/Unity.app/Contents/Managed'
Mono path[1] = '/Applications/Unity/Hub/Editor/2020.3.22f1/Unity.app/Contents/MonoBleedingEdge/lib/mono/unityjit'
Mono config path = '/Applications/Unity/Hub/Editor/2020.3.22f1/Unity.app/Contents/MonoBleedingEdge/etc'
Using monoOptions --debugger-agent=transport=dt_socket,embedding=1,server=y,suspend=n,address=127.0.0.1:56846
Begin MonoManager ReloadAssembly
Registering precompiled unity dll's ...
Register platform support module: /Applications/Unity/Hub/Editor/2020.3.22f1/Unity.app/Contents/PlaybackEngines/MacStandaloneSupport/UnityEditor.OSXStandalone.Extensions.dll
Registered in 0.000803 seconds.
Native extension for OSXStandalone target not found
Refreshing native plugins compatible for Editor in 45.56 ms, found 3 plugins.
Preloading 0 native plugins for Editor in 0.00 ms.
Mono: successfully reloaded assembly
- Completed reload, in  2.427 seconds
Domain Reload Profiling:
	ReloadAssembly (2428ms)
		BeginReloadAssembly (42ms)
			ExecutionOrderSort (0ms)
			DisableScriptedObjects (0ms)
			BackupInstance (0ms)
			ReleaseScriptingObjects (0ms)
			CreateAndSetChildDomain (1ms)
		EndReloadAssembly (566ms)
			LoadAssemblies (41ms)
			RebuildTransferFunctionScriptingTraits (0ms)
			SetupTypeCache (199ms)
			ReleaseScriptCaches (0ms)
			RebuildScriptCaches (42ms)
			SetupLoadedEditorAssemblies (233ms)
				LogAssemblyErrors (0ms)
				InitializePlatformSupportModulesInManaged (5ms)
				SetLoadedEditorAssemblies (0ms)
				RefreshPlugins (46ms)
				BeforeProcessingInitializeOnLoad (30ms)
				ProcessInitializeOnLoadAttributes (117ms)
				ProcessInitializeOnLoadMethodAttributes (35ms)
				AfterProcessingInitializeOnLoad (0ms)
				EditorAssembliesLoaded (0ms)
			ExecutionOrderSort2 (0ms)
			AwakeInstancesAfterBackupRestoration (0ms)
Platform modules already initialized, skipping
Registering precompiled user dll's ...
Registered in 0.004550 seconds.
Begin MonoManager ReloadAssembly
Native extension for OSXStandalone target not found
Refreshing native plugins compatible for Editor in 44.65 ms, found 3 plugins.
Preloading 0 native plugins for Editor in 0.00 ms.
Mono: successfully reloaded assembly
- Completed reload, in  1.303 seconds
Domain Reload Profiling:
	ReloadAssembly (1304ms)
		BeginReloadAssembly (173ms)
			ExecutionOrderSort (0ms)
			DisableScriptedObjects (5ms)
			BackupInstance (0ms)
			ReleaseScriptingObjects (0ms)
			CreateAndSetChildDomain (37ms)
		EndReloadAssembly (1058ms)
			LoadAssemblies (84ms)
			RebuildTransferFunctionScriptingTraits (0ms)
			SetupTypeCache (382ms)
			ReleaseScriptCaches (0ms)
			RebuildScriptCaches (61ms)
			SetupLoadedEditorAssemblies (391ms)
				LogAssemblyErrors (0ms)
				InitializePlatformSupportModulesInManaged (6ms)
				SetLoadedEditorAssemblies (0ms)
				RefreshPlugins (45ms)
				BeforeProcessingInitializeOnLoad (78ms)
				ProcessInitializeOnLoadAttributes (241ms)
				ProcessInitializeOnLoadMethodAttributes (20ms)
				AfterProcessingInitializeOnLoad (1ms)
				EditorAssembliesLoaded (0ms)
			ExecutionOrderSort2 (0ms)
			AwakeInstancesAfterBackupRestoration (8ms)
Platform modules already initialized, skipping
Validating Project structure ... 0.000245 seconds.
Shader import version has changed; will reimport all shaders...
Upgrading shader files ...0.000240 seconds.
Application.AssetDatabase Initial Script Refresh Start
RefreshInfo: InitialScriptRefreshV2(NoUpdateAssetOptions) scanfilter:  ... 1 filters
RefreshProfiler: Total: 0.000ms
Application.AssetDatabase Initial Script Refresh End
Application.AssetDatabase.Refresh Start
Application.AssetDatabase.Refresh End
RefreshInfo: StopAssetImportingV2(ForceSynchronousImport) scanfilter: 
RefreshProfiler: Total: 0.000ms
Launching external process: /Applications/Unity/Hub/Editor/2020.3.22f1/Unity.app/Contents/Tools/UnityShaderCompiler
Launched and connected shader compiler UnityShaderCompiler after 0.06 seconds
Initializing Unity extensions:
========================================================================
Worker process is ready to serve import requests
Refreshing native plugins compatible for Editor in 0.46 ms, found 3 plugins.
Preloading 0 native plugins for Editor in 0.00 ms.
Unloading 2186 Unused Serialized files (Serialized files now loaded: 0)
System memory in use before: 199.9 MB.
System memory in use after: 199.2 MB.

Unloading 101 unused Assets to reduce memory usage. Loaded Objects now: 2658.
Total: 3.948437 ms (FindLiveObjects: 0.219316 ms CreateObjectMapping: 0.078946 ms MarkObjects: 3.205043 ms  DeleteObjects: 0.443675 ms)

AssetImportParameters requested are different than current active one (requested -> active):
  custom:video-decoder-ogg-theora: a1e56fd34408186e4bbccfd4996cb3dc -> 
  custom:container-muxer-webm: aa71ff27fc2769a1b78a27578f13a17b -> 
  custom:container-demuxer-webm: 4f35f7cbe854078d1ac9338744f61a02 -> 
  custom:container-demuxer-ogg: 62fdf1f143b41e24485cea50d1cbac27 -> 
  custom:video-encoder-webm-vp8: eb34c28f22e8b96e1ab97ce403110664 -> 
  custom:framework-osx-AVFoundation: b23960f63f64bdc6ff669e2cdcee2391 -> 
  custom:video-decoder-webm-vp8: 9c59270c3fd7afecdb556c50c9e8de78 -> 
  custom:audio-decoder-ogg-vorbis: bf7c407c2cedff20999df2af8eb42d56 -> 
  custom:audio-encoder-webm-vorbis: bf7c407c2cedff20999df2af8eb42d56 -> 
========================================================================
Received Import Request.
  path: Assets/Cow2.png
  artifactKey: Guid(8177ef4374677ca45aa545d5925045e9) Importer(815301076,1909f56bfc062723c751e8b465ee728b)
Start importing Assets/Cow2.png using Guid(8177ef4374677ca45aa545d5925045e9) Importer(815301076,1909f56bfc062723c751e8b465ee728b)  -> (artifact id: '98188775626e56176ceb03e2364a16a8') in 0.679048 seconds 
  Import took 0.683638 seconds .

========================================================================
Received Import Request.
  Time since last request: 0.002328 seconds.
  path: Assets/Cow.png
  artifactKey: Guid(7104bc7c59fa8064e80d020d2bdb3fd8) Importer(815301076,1909f56bfc062723c751e8b465ee728b)
Start importing Assets/Cow.png using Guid(7104bc7c59fa8064e80d020d2bdb3fd8) Importer(815301076,1909f56bfc062723c751e8b465ee728b)  -> (artifact id: '0eb5c43fa1e355d7a31e9ba76babfbe0') in 0.023663 seconds 
  Import took 0.027928 seconds .

========================================================================
Received Import Request.
  Time since last request: 207.602741 seconds.
  path: Assets/collisiontech.cs
  artifactKey: Guid(828114a417d0d4be6b4b0a2c8ce4bab7) Importer(815301076,1909f56bfc062723c751e8b465ee728b)
Start importing Assets/collisiontech.cs using Guid(828114a417d0d4be6b4b0a2c8ce4bab7) Importer(815301076,1909f56bfc062723c751e8b465ee728b)  -> (artifact id: '7f6f72b310df57c4ba17850d0bfc52fe') in 0.359658 seconds 
  Import took 0.363218 seconds .

========================================================================
Received Import Request.
  Time since last request: 0.368773 seconds.
  path: Assets/BallMovement.cs
  artifactKey: Guid(ac79022015823498586a680ce1060aa1) Importer(815301076,1909f56bfc062723c751e8b465ee728b)
Start importing Assets/BallMovement.cs using Guid(ac79022015823498586a680ce1060aa1) Importer(815301076,1909f56bfc062723c751e8b465ee728b)  -> (artifact id: '50e647a76d5f95c0e477dd470fa697f6') in 0.003208 seconds 
  Import took 0.007870 seconds .

========================================================================
Received Import Request.
  Time since last request: 0.525128 seconds.
  path: Assets/BallMove.cs
  artifactKey: Guid(70eead06436294e109e7ab08e1c8bf5d) Importer(815301076,1909f56bfc062723c751e8b465ee728b)
Start importing Assets/BallMove.cs using Guid(70eead06436294e109e7ab08e1c8bf5d) Importer(815301076,1909f56bfc062723c751e8b465ee728b)  -> (artifact id: 'cfe44eff46f54d4cba0ddbaffc90110a') in 0.002366 seconds 
  Import took 0.008793 seconds .

========================================================================
Received Import Request.
  Time since last request: 1.662086 seconds.
  path: Assets/ArmMove.cs
  artifactKey: Guid(9114231a9df1d4f3c93c64cad08ec2bd) Importer(815301076,1909f56bfc062723c751e8b465ee728b)
Start importing Assets/ArmMove.cs using Guid(9114231a9df1d4f3c93c64cad08ec2bd) Importer(815301076,1909f56bfc062723c751e8b465ee728b)  -> (artifact id: 'ce1307b054eecdabf2271d4de553851e') in 0.002600 seconds 
  Import took 0.008111 seconds .

========================================================================
Received Import Request.
  Time since last request: 0.656580 seconds.
  path: Assets/ScoreVariable.cs
  artifactKey: Guid(701ab1c390408fb46a914de2babf90d2) Importer(815301076,1909f56bfc062723c751e8b465ee728b)
Start importing Assets/ScoreVariable.cs using Guid(701ab1c390408fb46a914de2babf90d2) Importer(815301076,1909f56bfc062723c751e8b465ee728b)  -> (artifact id: 'eb1879d89d148fcc5edcb34df192b468') in 0.002218 seconds 
  Import took 0.008157 seconds .

========================================================================
Received Import Request.
  Time since last request: 384.913483 seconds.
  path: Assets/Scenes/Scene1.unity
  artifactKey: Guid(972d0443003fe4e4496cd2230a4a6d33) Importer(815301076,1909f56bfc062723c751e8b465ee728b)
Start importing Assets/Scenes/Scene1.unity using Guid(972d0443003fe4e4496cd2230a4a6d33) Importer(815301076,1909f56bfc062723c751e8b465ee728b)  -> (artifact id: '64be30f51652bfef560d38470b3f4246') in 0.003934 seconds 
  Import took 0.009443 seconds .

========================================================================
Received Import Request.
  Time since last request: 1.097882 seconds.
  path: Assets/Scenes/SampleScene.unity
  artifactKey: Guid(2cda990e2423bbf4892e6590ba056729) Importer(815301076,1909f56bfc062723c751e8b465ee728b)
Start importing Assets/Scenes/SampleScene.unity using Guid(2cda990e2423bbf4892e6590ba056729) Importer(815301076,1909f56bfc062723c751e8b465ee728b)  -> (artifact id: 'd80d49d702afe5a7f1fb0328221cf12b') in 0.003566 seconds 
  Import took 0.009494 seconds .

